[2015-04-29 15:57:56] requirements_debian_update_system
requirements_debian_update_system () 
{ 
    __rvm_try_sudo apt-get --quiet --yes update || { 
        \typeset __ret=$?;
        case ${__ret} in 
            100)
                rvm_error "There has been error while updating 'apt-get', please give it some time and try again later.
404 errors should be fixed for rvm to proceed. Check your sources configured in:
    /etc/apt/sources.list
    /etc/apt/sources.list.d/*.list
"
            ;;
        esac;
        return ${__ret}
    }
}
current path: /home/lee
PATH=/usr/local/sbin:/usr/local/bin:/usr/sbin:/usr/bin:/sbin:/bin:/usr/games:/usr/local/games:/home/lee/.rvm/bin:/home/lee/.rvm/bin
command(2): requirements_debian_update_system ruby-2.2.2
++ __rvm_try_sudo apt-get --quiet --yes update
++ typeset -a command_to_run
++ typeset sudo_path sbin_path missing_paths
++ command_to_run=("$@")
++ ((  UID == 0  ))
++ case "$rvm_autolibs_flag_number" in
++ is_a_function __rvm_sudo
++ typeset -f __rvm_sudo
++ missing_paths=
++ for sbin_path in /sbin /usr/sbin /usr/local/sbin
++ [[ -d /sbin ]]
++ [[ :/usr/local/sbin:/usr/local/bin:/usr/sbin:/usr/bin:/sbin:/bin:/usr/games:/usr/local/games:/home/lee/.rvm/bin:/home/lee/.rvm/bin: != *\:\/\s\b\i\n\:* ]]
++ for sbin_path in /sbin /usr/sbin /usr/local/sbin
++ [[ -d /usr/sbin ]]
++ [[ :/usr/local/sbin:/usr/local/bin:/usr/sbin:/usr/bin:/sbin:/bin:/usr/games:/usr/local/games:/home/lee/.rvm/bin:/home/lee/.rvm/bin: != *\:\/\u\s\r\/\s\b\i\n\:* ]]
++ for sbin_path in /sbin /usr/sbin /usr/local/sbin
++ [[ -d /usr/local/sbin ]]
++ [[ :/usr/local/sbin:/usr/local/bin:/usr/sbin:/usr/bin:/sbin:/bin:/usr/games:/usr/local/games:/home/lee/.rvm/bin:/home/lee/.rvm/bin: != *\:\/\u\s\r\/\l\o\c\a\l\/\s\b\i\n\:* ]]
++ [[ -n '' ]]
++ command_to_run=(__rvm_sudo -p "%p password required for '$*': " "${command_to_run[@]}")
++ __rvm_sudo -p '%p password required for '\''apt-get --quiet --yes update'\'': ' apt-get --quiet --yes update
++ command sudo -p '%p password required for '\''apt-get --quiet --yes update'\'': ' apt-get --quiet --yes update
++ sudo -p '%p password required for '\''apt-get --quiet --yes update'\'': ' apt-get --quiet --yes update
무시http://kr.archive.ubuntu.com trusty InRelease
무시http://kr.archive.ubuntu.com trusty-updates InRelease
무시http://kr.archive.ubuntu.com trusty-backports InRelease
기존 http://kr.archive.ubuntu.com trusty Release.gpg
기존 http://kr.archive.ubuntu.com trusty-updates Release.gpg
기존 http://kr.archive.ubuntu.com trusty-backports Release.gpg
기존 http://kr.archive.ubuntu.com trusty Release
기존 http://kr.archive.ubuntu.com trusty-updates Release
기존 http://kr.archive.ubuntu.com trusty-backports Release
기존 http://kr.archive.ubuntu.com trusty/main Sources
기존 http://kr.archive.ubuntu.com trusty/restricted Sources
기존 http://kr.archive.ubuntu.com trusty/universe Sources
기존 http://kr.archive.ubuntu.com trusty/multiverse Sources
기존 http://kr.archive.ubuntu.com trusty/main amd64 Packages
기존 http://kr.archive.ubuntu.com trusty/restricted amd64 Packages
기존 http://kr.archive.ubuntu.com trusty/universe amd64 Packages
기존 http://kr.archive.ubuntu.com trusty/multiverse amd64 Packages
기존 http://kr.archive.ubuntu.com trusty/main i386 Packages
기존 http://kr.archive.ubuntu.com trusty/restricted i386 Packages
기존 http://kr.archive.ubuntu.com trusty/universe i386 Packages
기존 http://kr.archive.ubuntu.com trusty/multiverse i386 Packages
기존 http://kr.archive.ubuntu.com trusty/main Translation-ko
기존 http://kr.archive.ubuntu.com trusty/main Translation-en
무시http://security.ubuntu.com trusty-security InRelease
기존 http://kr.archive.ubuntu.com trusty/multiverse Translation-en
기존 http://kr.archive.ubuntu.com trusty/restricted Translation-ko
기존 http://kr.archive.ubuntu.com trusty/restricted Translation-en
기존 http://kr.archive.ubuntu.com trusty/universe Translation-ko
기존 http://kr.archive.ubuntu.com trusty/universe Translation-en
무시http://extras.ubuntu.com trusty InRelease
기존 http://kr.archive.ubuntu.com trusty-updates/main Sources
기존 http://kr.archive.ubuntu.com trusty-updates/restricted Sources
기존 http://kr.archive.ubuntu.com trusty-updates/universe Sources
기존 http://kr.archive.ubuntu.com trusty-updates/multiverse Sources
기존 http://security.ubuntu.com trusty-security Release.gpg
기존 http://kr.archive.ubuntu.com trusty-updates/main amd64 Packages
기존 http://kr.archive.ubuntu.com trusty-updates/restricted amd64 Packages
기존 http://kr.archive.ubuntu.com trusty-updates/universe amd64 Packages
기존 http://kr.archive.ubuntu.com trusty-updates/multiverse amd64 Packages
기존 http://kr.archive.ubuntu.com trusty-updates/main i386 Packages
기존 http://kr.archive.ubuntu.com trusty-updates/restricted i386 Packages
기존 http://kr.archive.ubuntu.com trusty-updates/universe i386 Packages
기존 http://kr.archive.ubuntu.com trusty-updates/multiverse i386 Packages
기존 http://kr.archive.ubuntu.com trusty-updates/main Translation-en
기존 http://kr.archive.ubuntu.com trusty-updates/multiverse Translation-en
기존 http://kr.archive.ubuntu.com trusty-updates/restricted Translation-en
기존 http://extras.ubuntu.com trusty Release.gpg
기존 http://kr.archive.ubuntu.com trusty-updates/universe Translation-en
기존 http://kr.archive.ubuntu.com trusty-backports/main Sources
기존 http://security.ubuntu.com trusty-security Release
기존 http://kr.archive.ubuntu.com trusty-backports/restricted Sources
기존 http://kr.archive.ubuntu.com trusty-backports/universe Sources
기존 http://kr.archive.ubuntu.com trusty-backports/multiverse Sources
기존 http://kr.archive.ubuntu.com trusty-backports/main amd64 Packages
기존 http://kr.archive.ubuntu.com trusty-backports/restricted amd64 Packages
기존 http://kr.archive.ubuntu.com trusty-backports/universe amd64 Packages
기존 http://kr.archive.ubuntu.com trusty-backports/multiverse amd64 Packages
기존 http://kr.archive.ubuntu.com trusty-backports/main i386 Packages
기존 http://kr.archive.ubuntu.com trusty-backports/restricted i386 Packages
기존 http://kr.archive.ubuntu.com trusty-backports/universe i386 Packages
기존 http://kr.archive.ubuntu.com trusty-backports/multiverse i386 Packages
기존 http://kr.archive.ubuntu.com trusty-backports/main Translation-en
기존 http://kr.archive.ubuntu.com trusty-backports/multiverse Translation-en
기존 http://kr.archive.ubuntu.com trusty-backports/restricted Translation-en
기존 http://extras.ubuntu.com trusty Release
기존 http://kr.archive.ubuntu.com trusty-backports/universe Translation-en
기존 http://security.ubuntu.com trusty-security/main Sources
무시http://kr.archive.ubuntu.com trusty/main Translation-ko_KR
무시http://kr.archive.ubuntu.com trusty/multiverse Translation-ko_KR
무시http://kr.archive.ubuntu.com trusty/multiverse Translation-ko
무시http://kr.archive.ubuntu.com trusty/restricted Translation-ko_KR
무시http://kr.archive.ubuntu.com trusty/universe Translation-ko_KR
기존 http://security.ubuntu.com trusty-security/restricted Sources
기존 http://extras.ubuntu.com trusty/main Sources
기존 http://security.ubuntu.com trusty-security/universe Sources
기존 http://extras.ubuntu.com trusty/main amd64 Packages
기존 http://security.ubuntu.com trusty-security/multiverse Sources
기존 http://extras.ubuntu.com trusty/main i386 Packages
기존 http://security.ubuntu.com trusty-security/main amd64 Packages
기존 http://security.ubuntu.com trusty-security/restricted amd64 Packages
기존 http://security.ubuntu.com trusty-security/universe amd64 Packages
기존 http://security.ubuntu.com trusty-security/multiverse amd64 Packages
기존 http://security.ubuntu.com trusty-security/main i386 Packages
기존 http://security.ubuntu.com trusty-security/restricted i386 Packages
기존 http://security.ubuntu.com trusty-security/universe i386 Packages
기존 http://security.ubuntu.com trusty-security/multiverse i386 Packages
기존 http://security.ubuntu.com trusty-security/main Translation-en
기존 http://security.ubuntu.com trusty-security/multiverse Translation-en
기존 http://security.ubuntu.com trusty-security/restricted Translation-en
기존 http://security.ubuntu.com trusty-security/universe Translation-en
무시http://extras.ubuntu.com trusty/main Translation-ko_KR
무시http://extras.ubuntu.com trusty/main Translation-ko
무시http://extras.ubuntu.com trusty/main Translation-en
패키지 목록을 읽는 중입니다...
